<?xml version="1.0" encoding="utf-8" standalone="no"?>
<test-run id="2" testcasecount="0" result="Failed" label="Invalid" total="0" passed="0" failed="0" inconclusive="0" skipped="0" asserts="0" engine-version="3.6.1.0" clr-version="4.0.30319.42000" start-time="2017-07-02 16:57:15Z" end-time="2017-07-02 16:57:18Z" duration="2.481899">
  <command-line><![CDATA["D:\Soft\Repos\MangaReader\packages\NUnit.ConsoleRunner.3.6.1\tools\nunit3-console.exe" "C:\projects\mangareader\Tests\Tests.API\bin\Release\Tests.API.dll"]]></command-line>
  <test-suite type="Assembly" id="0-1" name="Tests.API.dll" fullname="C:\projects\mangareader\Tests\Tests.API\bin\Release\Tests.API.dll" testcasecount="0" runstate="NotRunnable" result="Failed" label="Invalid">
    <properties>
      <property name="_SKIPREASON" value="File not found: C:\projects\mangareader\Tests\Tests.API\bin\Release\Tests.API.dll" />
    </properties>
    <reason>
      <message>File not found: C:\projects\mangareader\Tests\Tests.API\bin\Release\Tests.API.dll</message>
    </reason>
  </test-suite>
</test-run>